[2023-01-11 15:21:25,906 - INFO] :: Original table shape: (274308, 9511)
[2023-01-11 15:21:25,907 - INFO] :: Filtering out features with fewer than 10 reads across samples
[2023-01-11 15:21:26,004 - INFO] :: Filtered table shape: (21629, 9511)
[2023-01-11 15:21:26,158 - INFO] :: Dropping the following columns from original metadata:
['roommates', 'plating', 'state', 'age_cat', 'bmi_corrected', 'height_cm', 'latitude', 'longitude', 'elevation', 'collection_time', 'allergic_to_i_have_no_food_allergies_that_i_know_of', 'vioscreen_add_sug', 'vioscreen_a_bev', 'vioscreen_calcium_avg', 'vioscreen_d_cheese', 'vioscreen_f_citmlb', 'vioscreen_g_whl', 'vioscreen_m_fish_hi', 'vioscreen_m_frank', 'vioscreen_m_meat', 'vioscreen_m_mpf', 'vioscreen_salad_vegetable_servings', 'vioscreen_v_starcy', 'vioscreen_alanine', 'vioscreen_alphacar', 'vioscreen_alphtoce', 'vioscreen_avcarb', 'vioscreen_betacryp', 'vioscreen_betatoco', 'vioscreen_biochana', 'vioscreen_caffeine', 'vioscreen_calcium.1', 'vioscreen_cholest', 'vioscreen_clac9t11', 'vioscreen_copper', 'vioscreen_daidzein', 'vioscreen_delttoco', 'vioscreen_erythr', 'vioscreen_fiber', 'vioscreen_fol_deqv', 'vioscreen_formontn', 'vioscreen_grams', 'vioscreen_inositol', 'vioscreen_lutzeax', 'vioscreen_lycopene', 'vioscreen_tfa181t', 'vioscreen_xylitol', 'alcohol_consumption', 'alcohol_types_beercider', 'alcohol_types_red_wine', 'alcohol_types_sour_beers', 'alcohol_types_spiritshard_alcohol', 'alcohol_types_white_wine']
/home/grahman/projects/evident-analyses/src/helper.py:20: DtypeWarning: Columns (14,24,32,44,48,50,58,61,71,74,79,87,89,95,97,100,104,105,110,122,126,127,133,148,152,156,158,159,161,162,173,175,176,187,188,198,201,211,213,218,222,228,230,251,254,262,272,274,276,286,306,311,326,328,332,337,354,356,357,367,370,379,386,387,398,401,409,416,423,430,438,442,455,462,465,466,467,474,480,502,509,511,514,518,520,528,534,545,549,550,554,562,577,578,585,586,588,601,602,610,613,623,626,630,631) have mixed types.Specify dtype option on import or set low_memory=False.
  func()
[2023-01-11 15:21:26,873 - INFO] :: Replacing bowel_movement_quality values
[2023-01-11 15:21:26,875 - INFO] :: Subsetting countries to only include:
['USA', 'United Kingdom', 'Australia', 'Canada']
[2023-01-11 15:21:26,883 - INFO] :: 
Daily                            3373
Regularly (3-5 times/week)       2293
Occasionally (1-2 times/week)     631
Less than weekly                  241
Name: vegetable_frequency, dtype: int64
[2023-01-11 15:21:26,890 - INFO] :: 
Never                           4723
Rarely (less than once/week)    1277
Weekly                           532
Name: sugar_sweetened_drink_frequency, dtype: int64
[2023-01-11 15:21:26,897 - INFO] :: 
I have not taken antibiotics in the past year.    6212
Year                                              1395
6 months                                          1164
Month                                              490
Name: antibiotic_history, dtype: int64
[2023-01-11 15:21:26,903 - INFO] :: 
Graduate or Professional degree         2993
Bachelor's degree                       1616
Some college or technical school         639
Some graduate school or professional     480
High School or GED equilivant            266
Did not complete high school             216
Associate's degree                       163
Name: level_of_education, dtype: int64
[2023-01-11 15:21:26,908 - INFO] :: 
ROBE      2668
JERE      2317
RIKE      1711
LUCY       409
CARMEN     357
RikE       351
RobE       114
JerE        71
Name: processing_robot, dtype: int64
[2023-01-11 15:21:26,915 - INFO] :: 
No     2931
Yes     374
Name: pets_other, dtype: int64
[2023-01-11 15:21:26,921 - INFO] :: 
No                                                                               7038
I do not eat gluten because it makes me feel bad                                 1080
I was diagnosed with gluten allergy (anti-gluten IgG), but not celiac disease     249
I was diagnosed with celiac disease                                                95
Name: gluten, dtype: int64
[2023-01-11 15:21:26,927 - INFO] :: 
Yes         2631
Not sure    2227
No          1727
Name: consume_animal_products_abx, dtype: int64
[2023-01-11 15:21:26,933 - INFO] :: 
No          6863
Yes         2249
Not sure      88
Name: tonsils_removed, dtype: int64
[2023-01-11 15:21:26,938 - INFO] :: 
Never                            3351
Rarely (less than once/week)     2082
Occasionally (1-2 times/week)     869
Regularly (3-5 times/week)        227
Daily                              28
Name: ready_to_eat_meals_frequency, dtype: int64
[2023-01-11 15:21:26,944 - INFO] :: 
11 to 20        2125
6 to 10         1517
21 to 30        1248
More than 30     704
Less than 5      461
Name: types_of_plants, dtype: int64
[2023-01-11 15:21:26,950 - INFO] :: 
No          5114
Yes         3682
Not sure     414
Name: livingwith, dtype: int64
[2023-01-11 15:21:26,956 - INFO] :: 
No     8768
Yes     743
Name: non_food_allergies_poison_ivyoak, dtype: int64
[2023-01-11 15:21:26,962 - INFO] :: 
7-8 hours          3812
6-7 hours          2825
8 or more hours    1659
Less than 6        1010
Name: sleep_duration, dtype: int64
[2023-01-11 15:21:26,968 - INFO] :: 
No     9332
Yes     176
Name: specialized_diet_other_restrictions_not_described_here, dtype: int64
[2023-01-11 15:21:26,975 - INFO] :: 
One              3158
Two              1723
Less than one     630
Three             529
Four or more      206
Name: bowel_movement_frequency, dtype: int64
[2023-01-11 15:21:26,983 - INFO] :: 
Rarely (less than once/week)    3383
Never                           1942
Weekly                          1227
Name: frozen_dessert_frequency, dtype: int64
[2023-01-11 15:21:26,988 - INFO] :: 
No     8115
Yes     801
Name: lung_disease, dtype: int64
[2023-01-11 15:21:26,994 - INFO] :: 
Rarely (less than once/week)     2253
Never                            2140
Occasionally (1-2 times/week)     907
Regularly (3-5 times/week)        644
Daily                             500
Name: fermented_plant_frequency, dtype: int64
[2023-01-11 15:21:26,999 - INFO] :: 
No          7961
Yes          953
Not sure     332
Name: csection, dtype: int64
[2023-01-11 15:21:27,005 - INFO] :: 
No     6311
Yes     217
Name: cardiovascular_disease, dtype: int64
[2023-01-11 15:21:27,011 - INFO] :: 
Rarely (less than once/week)     2400
Occasionally (1-2 times/week)    1814
Never                            1032
Regularly (3-5 times/week)       1032
Daily                             273
Name: salted_snacks_frequency, dtype: int64
[2023-01-11 15:21:27,028 - INFO] :: Dropping country since it has only one level.
[2023-01-11 15:21:27,034 - INFO] :: 
Never                            2717
Rarely (a few times/month)       1310
Daily                            1189
Regularly (3-5 times/week)        699
Occasionally (1-2 times/week)     652
Name: probiotic_frequency, dtype: int64
[2023-01-11 15:21:27,040 - INFO] :: 
I have not been outside of my country of residence in the past year.    4263
1 year                                                                  1523
3 months                                                                1239
6 months                                                                1171
Month                                                                    975
Name: last_travel, dtype: int64
[2023-01-11 15:21:27,046 - INFO] :: 
No     7329
Yes    1827
Name: nail_biter, dtype: int64
[2023-01-11 15:21:27,051 - INFO] :: 
Caucasian                    8348
Asian or Pacific Islander     433
Other                         274
Hispanic                      200
African American               67
Name: race, dtype: int64
[2023-01-11 15:21:27,056 - INFO] :: 
HOWE_KF2      1840
HOWE_KF1      1750
NEWE          1183
HOWE          1133
HOWE_KF3       442
CARMEN         354
HOWE_KF4       222
HowE           211
CARMEN_KF4     200
CARMEN_KF1     127
CARMEN_KF3      82
NewE            59
CARMEN_KF2      21
Name: extraction_robot, dtype: int64
[2023-01-11 15:21:27,062 - INFO] :: 
Regularly (3-5 times/week)       2673
Daily                            2200
Occasionally (1-2 times/week)    1057
Rarely (less than once/week)      351
Never                             283
Name: meat_eggs_frequency, dtype: int64
[2023-01-11 15:21:27,067 - INFO] :: 
I use deodorant                                              3313
I do not use deodorant or an antiperspirant                  2717
I use an antiperspirant                                      2038
Not sure, but I use some form of deodorant/antiperspirant    1204
Name: deodorant_use, dtype: int64
[2023-01-11 15:21:27,073 - INFO] :: 
No     5513
Yes    3579
Name: seasonal_allergies, dtype: int64
[2023-01-11 15:21:27,080 - INFO] :: 
Never                         4400
Rarely (a few times/month)    3691
Weekly                        1190
Name: pool_frequency, dtype: int64
[2023-01-11 15:21:27,104 - INFO] :: 
q3    2981
q2    2317
q4    2176
q1    1217
Name: primer_plate, dtype: int64
[2023-01-11 15:21:27,111 - INFO] :: 
Omnivore                            7617
Omnivore but do not eat red meat     616
Vegetarian                           579
Vegetarian but eat seafood           459
Name: diet_type, dtype: int64
[2023-01-11 15:21:27,117 - INFO] :: 
No     7530
Yes    1566
Name: lactose, dtype: int64
[2023-01-11 15:21:27,122 - INFO] :: 
No     9451
Yes      57
Name: mental_illness_type_ptsd_posttraumatic_stress_disorder, dtype: int64
[2023-01-11 15:21:27,127 - INFO] :: 
Never                            5104
Daily                            1795
Regularly (3-5 times/week)        911
Rarely (a few times/month)        849
Occasionally (1-2 times/week)     592
Name: cosmetics_frequency, dtype: int64
[2023-01-11 15:21:27,133 - INFO] :: 
Regularly (3-5 times/week)       1715
Daily                            1484
Occasionally (1-2 times/week)    1286
Rarely (less than once/week)     1093
Never                             965
Name: milk_cheese_frequency, dtype: int64
[2023-01-11 15:21:27,139 - INFO] :: 
No     5067
Yes     884
Name: ibs, dtype: int64
[2023-01-11 15:21:27,144 - INFO] :: 
No     9335
Yes     176
Name: allergic_to_shellfish, dtype: int64
[2023-01-11 15:21:27,150 - INFO] :: 
No                                               7143
Yes, I am taking the "pill                        368
Yes, I use a hormonal IUD (Mirena)                155
Yes, I use the NuvaRing                            38
Yes, I use an injected contraceptive (DMPA)        21
Yes, I use a contraceptive patch (Ortho-Evra)       8
Name: contraceptive, dtype: int64
[2023-01-11 15:21:27,156 - INFO] :: 
City        4362
Filtered    3299
Bottled      859
Well         699
Not sure      96
Name: drinking_water_source, dtype: int64
[2023-01-11 15:21:27,161 - INFO] :: 
I am right handed    8107
I am left handed      870
I am ambidextrous     235
Name: dominant_hand, dtype: int64
[2023-01-11 15:21:27,166 - INFO] :: 
Daily                            3332
Regularly (3-5 times/week)       1598
Occasionally (1-2 times/week)     811
Rarely (less than once/week)      544
Never                             231
Name: one_liter_of_water_a_day_frequency, dtype: int64
[2023-01-11 15:21:27,172 - INFO] :: 
Yes    5074
No     4151
Name: other_supplement_frequency, dtype: int64
[2023-01-11 15:21:27,178 - INFO] :: 
No     9395
Yes     113
Name: specialized_diet_modified_paleo_diet, dtype: int64
[2023-01-11 15:21:27,186 - INFO] :: 
Never                         1435
Rarely (a few times/month)    1327
Weekly                         484
Name: vivid_dreams, dtype: int64
[2023-01-11 15:21:27,191 - INFO] :: 
No     5682
Yes     719
Name: autoimmune, dtype: int64
[2023-01-11 15:21:27,197 - INFO] :: 
Never                            2429
Rarely (a few times/month)        465
Occasionally (1-2 times/week)     169
Regularly (3-5 times/week)        128
Daily                             117
Name: artificial_sweeteners, dtype: int64
[2023-01-11 15:21:27,203 - INFO] :: 
No     9364
Yes     147
Name: non_food_allergies_sun, dtype: int64
[2023-01-11 15:21:27,209 - INFO] :: 
No     8717
Yes     794
Name: non_food_allergies_pet_dander, dtype: int64
[2023-01-11 15:21:27,214 - INFO] :: 
Never                            3120
Rarely (less than once/week)     1107
Daily                             993
Regularly (3-5 times/week)        701
Occasionally (1-2 times/week)     620
Name: milk_substitute_frequency, dtype: int64
[2023-01-11 15:21:27,220 - INFO] :: 
Rarely (less than once/week)     2636
Occasionally (1-2 times/week)    2340
Regularly (3-5 times/week)        913
Never                             514
Daily                             164
Name: prepared_meals_frequency, dtype: int64
[2023-01-11 15:21:27,226 - INFO] :: 
No     4794
Yes    1400
Name: clinical_condition, dtype: int64
[2023-01-11 15:21:27,231 - INFO] :: 
No     9297
Yes     211
Name: specialized_diet_exclude_refined_sugars, dtype: int64
[2023-01-11 15:21:27,237 - INFO] :: 
No     6729
Yes    2511
Name: cat, dtype: int64
[2023-01-11 15:21:27,242 - INFO] :: 
No     7706
Yes     762
Name: migraine, dtype: int64
[2023-01-11 15:21:27,248 - INFO] :: 
Occasionally (1-2 times/week)    1731
Rarely (less than once/week)     1661
Regularly (3-5 times/week)       1441
Daily                             868
Never                             859
Name: sugary_sweets_frequency, dtype: int64
[2023-01-11 15:21:27,253 - INFO] :: 
AG19    741
AG22    509
AG34    430
AG18    423
AG31    394
AG24    388
AG23    370
AG1     367
AG36    355
AG35    354
AG21    354
AG27    348
AG26    337
AG11    324
AG37    319
AG38    317
AG13    298
AG10    295
AG8     270
AG7     266
AG2     250
AG44    228
AG33    198
AG39    163
AG29    158
AG17    150
AG9     137
AG14    127
AG25    126
AG15     88
AG30     77
AG6      72
AG12     63
AG16     59
AG42     54
AG28     45
AG40     18
AG46     13
AG41      9
AG43      8
AG5       4
AG3       3
AG61      1
AG45      1
Name: center_project_name, dtype: int64
[2023-01-11 15:21:27,259 - INFO] :: 
Occasionally (1-2 times/week)    2758
Rarely (less than once/week)     2022
Regularly (3-5 times/week)        869
Never                             823
Daily                              65
Name: seafood_frequency, dtype: int64
[2023-01-11 15:21:27,266 - INFO] :: 
Both                     3225
Outdoors                 2683
Indoors                  1947
Depends on the season     980
Name: exercise_location, dtype: int64
[2023-01-11 15:21:27,272 - INFO] :: 
1-2              506
1                337
2-3              277
I don't drink    247
3-4              103
4+                69
Name: drinks_per_session, dtype: int64
[2023-01-11 15:21:27,290 - INFO] :: Dropping census_region since it has only one level.
[2023-01-11 15:21:27,296 - INFO] :: 
Daily                            3517
Rarely (a few times/month)       1653
Regularly (3-5 times/week)       1520
Occasionally (1-2 times/week)    1502
Never                            1090
Name: flossing_frequency, dtype: int64
[2023-01-11 15:21:27,303 - INFO] :: 
I have lived in my current state of residence for more than a year.    5974
Within the past year                                                    248
Within the past 3 months                                                197
Within the past 6 months                                                163
Name: last_move, dtype: int64
[2023-01-11 15:21:27,309 - INFO] :: 
No     8485
Yes     721
Name: acne_medication_otc, dtype: int64
[2023-01-11 15:21:27,315 - INFO] :: 
No     2804
Yes     449
Name: mental_illness, dtype: int64
[2023-01-11 15:21:27,321 - INFO] :: 
Regularly (3-5 times/week)       2419
Daily                            1698
Occasionally (1-2 times/week)    1281
Rarely (less than once/week)      703
Never                             434
Name: olive_oil, dtype: int64
[2023-01-11 15:21:27,326 - INFO] :: 
Regularly (3-5 times/week)       3714
Occasionally (1-2 times/week)    2218
Daily                            2045
Rarely (a few times/month)       1023
Never                             277
Name: exercise_frequency, dtype: int64
[2023-01-11 15:21:27,333 - INFO] :: 
I tend to have normal formed stool                          4623
I tend to have diarrhea (watery stool)                       951
I tend to be constipated (have difficulty passing stool)     777
Name: bowel_movement_quality, dtype: int64
[2023-01-11 15:21:27,338 - INFO] :: 
Remained stable                  7688
Decreased more than 10 pounds     819
Increased more than 10 pounds     689
Name: weight_change, dtype: int64
[2023-01-11 15:21:27,344 - INFO] :: 
No     3019
Yes     252
Name: cancer, dtype: int64
[2023-01-11 15:21:27,351 - INFO] :: 
Never                         8749
Rarely (a few times/month)     316
Weekly                         239
Name: smoking_frequency, dtype: int64
[2023-01-11 15:21:27,357 - INFO] :: 
No          8235
Yes          957
Not sure      30
Name: appendix_removed, dtype: int64
[2023-01-11 15:21:27,362 - INFO] :: 
No     6790
Yes    1658
Name: skin_condition, dtype: int64
[2023-01-11 15:21:27,368 - INFO] :: 
Yes         7434
No          1361
Not sure     423
Name: chickenpox, dtype: int64
[2023-01-11 15:21:27,374 - INFO] :: 
No     5993
Yes     274
Name: add_adhd, dtype: int64
[2023-01-11 15:21:27,379 - INFO] :: 
Daily                            3601
Regularly (3-5 times/week)       2233
Occasionally (1-2 times/week)     401
Rarely (less than once/week)      182
Never                             121
Name: homecooked_meals_frequency, dtype: int64
[2023-01-11 15:21:27,385 - INFO] :: 
No     6421
Yes    2870
Name: dog, dtype: int64
[2023-01-11 15:21:27,390 - INFO] :: 
Daily                            8806
Regularly (3-5 times/week)        359
Occasionally (1-2 times/week)      67
Rarely (a few times/month)         31
Never                              30
Name: teethbrushing_frequency, dtype: int64
[2023-01-11 15:21:27,396 - INFO] :: 
No     9319
Yes     192
Name: non_food_allergies_beestings, dtype: int64
[2023-01-11 15:21:27,402 - INFO] :: 
No     6181
Yes    3074
Name: multivitamin, dtype: int64
[2023-01-11 15:21:27,408 - INFO] :: 
No     8458
Yes    1053
Name: non_food_allergies_drug_eg_penicillin, dtype: int64
[2023-01-11 15:21:27,413 - INFO] :: 
Daily                            1995
Regularly (3-5 times/week)       1990
Occasionally (1-2 times/week)    1322
Rarely (less than once/week)      854
Never                             364
Name: fruit_frequency, dtype: int64
[2023-01-11 15:21:27,419 - INFO] :: 
I have not gotten the flu vaccine in the past year.    5350
6 months                                               1835
Year                                                   1679
Month                                                   301
Week                                                     68
Name: flu_vaccine_date, dtype: int64
[2023-01-11 15:21:27,424 - INFO] :: 
No     5335
Yes     305
Name: fungal_overgrowth, dtype: int64
[2023-01-11 15:21:27,430 - INFO] :: 
Rarely (less than once/week)     2616
Occasionally (1-2 times/week)    1719
Never                            1483
Regularly (3-5 times/week)        613
Daily                              75
Name: high_fat_red_meat_frequency, dtype: int64
[2023-01-11 15:21:27,436 - INFO] :: 
No     2600
Yes     495
Name: acid_reflux, dtype: int64
[2023-01-11 15:21:27,442 - INFO] :: 
Primarily breast milk                   3031
Primarily infant formula                1655
A mixture of breast milk and formula    1027
Not sure                                 846
Name: fed_as_infant, dtype: int64
[2023-01-11 15:21:27,448 - INFO] :: 
No     6083
Yes    3069
Name: softener, dtype: int64
[2023-01-11 15:21:27,448 - INFO] :: Filtered metadata shape: (9511, 88)
[2023-01-11 15:21:27,455 - INFO] :: Bloom filtering...
[2023-01-11 15:21:27,848 - INFO] :: Bloom filtered table shape: (21614, 9511)
[2023-01-11 15:21:27,848 - INFO] :: Rarefying to 1250...
[2023-01-11 15:21:32,409 - INFO] :: Rarefied filtered table shape: (19084, 9495)
[2023-01-11 15:21:32,878 - INFO] :: Saved table to data/processed/table.disambig.rare.filt.biom!
[2023-01-11 15:21:33,105 - INFO] :: Saved metadata to data/processed/metadata.disambig.filt.tsv!
Total script time: 8.29088830947876
