[ Wed Jan 11 12:10:28 PST 2023 ] :: Start script
Wed Jan 11 12:10:28 PST 2023
/home/grahman/projects/evident-analyses
b2-002
[ Wed Jan 11 12:10:32 PST 2023 ] :: Running SEPP...
==> sepp-tbl_gg-err.log <==
[12:43:33] jobs.py (line 132):     INFO: Finished pplacer Job with input: backbone_alignment_file:/tmp/tmp.w39lPfatmi/sepp-tempssd-gxzbLGXexD/tbl_gg.ht5422kx/root/P_59/pplacer.backbone.z2yg8hse.fasta, tree_file:/tmp/tmp.w39lPfatmi/sepp-tempssd-gxzbLGXexD/tbl_gg.ht5422kx/root/P_59/pplacer.tree.ifmxdajw.tre, info_file:/home/grahman/software/sepp-package/ref/RAxML_info-reference-gg-raxml-bl.info, extended alignment:/tmp/tmp.w39lPfatmi/sepp-tempssd-gxzbLGXexD/tbl_gg.ht5422kx/root/P_59/pplacer.extended.2.c_iq4om6.fasta, output:/tmp/tmp.w39lPfatmi/sepp-tempssd-gxzbLGXexD/tbl_gg.ht5422kx/root/P_59/pplacer.extended.2.c_iq4om6.jplace
[12:43:33] jobs.py (line 132):     INFO: Finished pplacer Job with input: backbone_alignment_file:/tmp/tmp.w39lPfatmi/sepp-tempssd-gxzbLGXexD/tbl_gg.ht5422kx/root/P_59/pplacer.backbone.vmkkmx82.fasta, tree_file:/tmp/tmp.w39lPfatmi/sepp-tempssd-gxzbLGXexD/tbl_gg.ht5422kx/root/P_59/pplacer.tree.da3_oq2k.tre, info_file:/home/grahman/software/sepp-package/ref/RAxML_info-reference-gg-raxml-bl.info, extended alignment:/tmp/tmp.w39lPfatmi/sepp-tempssd-gxzbLGXexD/tbl_gg.ht5422kx/root/P_59/pplacer.extended.8.0tyud_ly.fasta, output:/tmp/tmp.w39lPfatmi/sepp-tempssd-gxzbLGXexD/tbl_gg.ht5422kx/root/P_59/pplacer.extended.8.0tyud_ly.jplace
[12:43:33] jobs.py (line 132):     INFO: Finished pplacer Job with input: backbone_alignment_file:/tmp/tmp.w39lPfatmi/sepp-tempssd-gxzbLGXexD/tbl_gg.ht5422kx/root/P_60/pplacer.backbone.39_1ip8l.fasta, tree_file:/tmp/tmp.w39lPfatmi/sepp-tempssd-gxzbLGXexD/tbl_gg.ht5422kx/root/P_60/pplacer.tree.88rgvzh_.tre, info_file:/home/grahman/software/sepp-package/ref/RAxML_info-reference-gg-raxml-bl.info, extended alignment:/tmp/tmp.w39lPfatmi/sepp-tempssd-gxzbLGXexD/tbl_gg.ht5422kx/root/P_60/pplacer.extended.6.27s9sbta.fasta, output:/tmp/tmp.w39lPfatmi/sepp-tempssd-gxzbLGXexD/tbl_gg.ht5422kx/root/P_60/pplacer.extended.6.27s9sbta.jplace
[12:43:33] jobs.py (line 132):     INFO: Finished pplacer Job with input: backbone_alignment_file:/tmp/tmp.w39lPfatmi/sepp-tempssd-gxzbLGXexD/tbl_gg.ht5422kx/root/P_59/pplacer.backbone.qbt4j5vy.fasta, tree_file:/tmp/tmp.w39lPfatmi/sepp-tempssd-gxzbLGXexD/tbl_gg.ht5422kx/root/P_59/pplacer.tree.hh9izk8q.tre, info_file:/home/grahman/software/sepp-package/ref/RAxML_info-reference-gg-raxml-bl.info, extended alignment:/tmp/tmp.w39lPfatmi/sepp-tempssd-gxzbLGXexD/tbl_gg.ht5422kx/root/P_59/pplacer.extended.0.ztb1406f.fasta, output:/tmp/tmp.w39lPfatmi/sepp-tempssd-gxzbLGXexD/tbl_gg.ht5422kx/root/P_59/pplacer.extended.0.ztb1406f.jplace
[12:43:33] jobs.py (line 132):     INFO: Finished pplacer Job with input: backbone_alignment_file:/tmp/tmp.w39lPfatmi/sepp-tempssd-gxzbLGXexD/tbl_gg.ht5422kx/root/P_59/pplacer.backbone.o873h5kc.fasta, tree_file:/tmp/tmp.w39lPfatmi/sepp-tempssd-gxzbLGXexD/tbl_gg.ht5422kx/root/P_59/pplacer.tree.tfo5n0v3.tre, info_file:/home/grahman/software/sepp-package/ref/RAxML_info-reference-gg-raxml-bl.info, extended alignment:/tmp/tmp.w39lPfatmi/sepp-tempssd-gxzbLGXexD/tbl_gg.ht5422kx/root/P_59/pplacer.extended.15.3gxcbrh_.fasta, output:/tmp/tmp.w39lPfatmi/sepp-tempssd-gxzbLGXexD/tbl_gg.ht5422kx/root/P_59/pplacer.extended.15.3gxcbrh_.jplace
[12:43:36] jobs.py (line 132):     INFO: Finished pplacer Job with input: backbone_alignment_file:/tmp/tmp.w39lPfatmi/sepp-tempssd-gxzbLGXexD/tbl_gg.ht5422kx/root/P_59/pplacer.backbone._e6dpbza.fasta, tree_file:/tmp/tmp.w39lPfatmi/sepp-tempssd-gxzbLGXexD/tbl_gg.ht5422kx/root/P_59/pplacer.tree.87o7n3m_.tre, info_file:/home/grahman/software/sepp-package/ref/RAxML_info-reference-gg-raxml-bl.info, extended alignment:/tmp/tmp.w39lPfatmi/sepp-tempssd-gxzbLGXexD/tbl_gg.ht5422kx/root/P_59/pplacer.extended.1.h3seqkas.fasta, output:/tmp/tmp.w39lPfatmi/sepp-tempssd-gxzbLGXexD/tbl_gg.ht5422kx/root/P_59/pplacer.extended.1.h3seqkas.jplace
[13:02:37] jobs.py (line 132):     INFO: Finished jsonmerger Job with input: input:pipe output:/tmp/tmp.w39lPfatmi/sepp-tmp-rK1tcdAyzX/tbl_gg_placement.json
[13:02:40] algorithm.py (line 197):     INFO: Current execution Finished in 3127 seconds
[13:02:40] algorithm.py (line 200):     INFO: All checkpointed executions Finished in 3127 cumulative time
[13:02:40] algorithm.py (line 208):     INFO: Temp files are left behind at /tmp/tmp.w39lPfatmi/sepp-tempssd-gxzbLGXexD/tbl_gg.ht5422kx

==> sepp-tbl_gg-out.log <==
output files are at tbl_gg_placement.json tbl_gg_placement.tog.relabelled.tre tbl_gg_placement.tog.relabelled.xml tbl_gg_placement.tog.tre tbl_gg_placement.tog.xml and more files are at /tmp/tmp.w39lPfatmi/sepp-tmp-rK1tcdAyzX . Consider removing /tmp/tmp.w39lPfatmi/sepp-tmp-rK1tcdAyzX if its files are not needed.
Removing /tmp/tmp.w39lPfatmi/sepp-tmp-rK1tcdAyzX
[ Wed Jan 11 13:04:14 PST 2023 ] :: Finished script!
