[2023-01-11 15:24:07,208 - INFO] :: Loading distance matrix...
[2023-01-11 15:24:37,683 - INFO] :: Finished loading distance matrix!
/home/grahman/projects/evident/evident/utils.py:20: UserWarning: Data and metadata do not have the same sample IDs. Using 9495 samples common to both.
  warn(msg)
/home/grahman/projects/evident/evident/data_handler.py:82: UserWarning: Some categories have been dropped because they had either only one level or too many. Use the max_levels_per_category argument to modify this threshold.
Dropped columns: ['level_of_education', 'processing_robot', 'extraction_robot', 'contraceptive', 'center_project_name', 'drinks_per_session']
  "Some categories have been dropped because they had either "
[2023-01-11 15:24:40,601 - INFO] :: Calculating effect sizes...
[2023-01-11 15:27:26,471 - INFO] :: 
    effect_size    metric                                             column
0      0.257566  cohens_d                                  fungal_overgrowth
1      0.188776  cohens_d                                         autoimmune
2      0.177345  cohens_d                                 clinical_condition
3      0.163097  cohens_d  mental_illness_type_ptsd_posttraumatic_stress_...
4      0.155342  cohens_d                         other_supplement_frequency
..          ...       ...                                                ...
77     0.009719  cohens_f                                       vivid_dreams
78     0.007217  cohens_f                                      weight_change
79     0.006795  cohens_f                                      dominant_hand
80     0.006053  cohens_f                                  smoking_frequency
81     0.005749  cohens_f                            teethbrushing_frequency

[82 rows x 3 columns]
[2023-01-11 15:27:26,475 - INFO] :: Finished calculating effect sizes!
[Parallel(n_jobs=8)]: Using backend MultiprocessingBackend with 8 concurrent workers.
[Parallel(n_jobs=8)]: Done   1 tasks      | elapsed:    4.6s
[Parallel(n_jobs=8)]: Done   2 tasks      | elapsed:    7.2s
[Parallel(n_jobs=8)]: Done   3 tasks      | elapsed:    7.9s
[Parallel(n_jobs=8)]: Done   4 tasks      | elapsed:    8.1s
[Parallel(n_jobs=8)]: Done   5 tasks      | elapsed:    8.5s
[Parallel(n_jobs=8)]: Done   6 tasks      | elapsed:   10.6s
[Parallel(n_jobs=8)]: Done   7 tasks      | elapsed:   16.0s
[Parallel(n_jobs=8)]: Done   8 tasks      | elapsed:   17.4s
[Parallel(n_jobs=8)]: Done   9 tasks      | elapsed:   18.2s
[Parallel(n_jobs=8)]: Done  10 tasks      | elapsed:   21.6s
[Parallel(n_jobs=8)]: Done  11 tasks      | elapsed:   22.0s
[Parallel(n_jobs=8)]: Done  12 tasks      | elapsed:   22.4s
[Parallel(n_jobs=8)]: Done  13 tasks      | elapsed:   22.6s
[Parallel(n_jobs=8)]: Done  14 tasks      | elapsed:   22.8s
[Parallel(n_jobs=8)]: Done  15 tasks      | elapsed:   26.9s
[Parallel(n_jobs=8)]: Done  16 tasks      | elapsed:   27.7s
[Parallel(n_jobs=8)]: Done  17 tasks      | elapsed:   32.4s
[Parallel(n_jobs=8)]: Done  18 tasks      | elapsed:   37.6s
[Parallel(n_jobs=8)]: Done  19 tasks      | elapsed:   37.8s
[Parallel(n_jobs=8)]: Done  20 tasks      | elapsed:   38.6s
[Parallel(n_jobs=8)]: Done  21 tasks      | elapsed:   43.2s
[Parallel(n_jobs=8)]: Done  22 tasks      | elapsed:   43.4s
[Parallel(n_jobs=8)]: Done  23 tasks      | elapsed:   46.9s
[Parallel(n_jobs=8)]: Done  24 tasks      | elapsed:   47.6s
[Parallel(n_jobs=8)]: Done  25 tasks      | elapsed:   49.2s
[Parallel(n_jobs=8)]: Done  26 tasks      | elapsed:   51.4s
[Parallel(n_jobs=8)]: Done  27 tasks      | elapsed:   52.4s
[Parallel(n_jobs=8)]: Done  28 tasks      | elapsed:   54.6s
[Parallel(n_jobs=8)]: Done  29 tasks      | elapsed:   55.4s
[Parallel(n_jobs=8)]: Done  30 tasks      | elapsed:   56.1s
[Parallel(n_jobs=8)]: Done  31 tasks      | elapsed:  1.0min
[Parallel(n_jobs=8)]: Done  32 tasks      | elapsed:  1.1min
[Parallel(n_jobs=8)]: Done  33 tasks      | elapsed:  1.1min
[Parallel(n_jobs=8)]: Done  34 tasks      | elapsed:  1.1min
[Parallel(n_jobs=8)]: Done  35 tasks      | elapsed:  1.1min
[Parallel(n_jobs=8)]: Done  36 tasks      | elapsed:  1.2min
[Parallel(n_jobs=8)]: Done  37 tasks      | elapsed:  1.2min
[Parallel(n_jobs=8)]: Done  38 tasks      | elapsed:  1.2min
[Parallel(n_jobs=8)]: Done  39 tasks      | elapsed:  1.3min
[Parallel(n_jobs=8)]: Done  40 tasks      | elapsed:  1.4min
[Parallel(n_jobs=8)]: Done  41 tasks      | elapsed:  1.4min
[Parallel(n_jobs=8)]: Done  42 tasks      | elapsed:  1.4min
[Parallel(n_jobs=8)]: Done  43 tasks      | elapsed:  1.4min
[Parallel(n_jobs=8)]: Done  44 tasks      | elapsed:  1.5min
[Parallel(n_jobs=8)]: Done  45 tasks      | elapsed:  1.5min
[Parallel(n_jobs=8)]: Done  46 tasks      | elapsed:  1.5min
[Parallel(n_jobs=8)]: Done  47 tasks      | elapsed:  1.6min
[Parallel(n_jobs=8)]: Done  48 tasks      | elapsed:  1.6min
[Parallel(n_jobs=8)]: Done  49 tasks      | elapsed:  1.7min
[Parallel(n_jobs=8)]: Done  50 tasks      | elapsed:  1.7min
[Parallel(n_jobs=8)]: Done  51 tasks      | elapsed:  1.7min
[Parallel(n_jobs=8)]: Done  52 tasks      | elapsed:  1.8min
[Parallel(n_jobs=8)]: Done  53 tasks      | elapsed:  1.8min
[Parallel(n_jobs=8)]: Done  54 tasks      | elapsed:  1.8min
[Parallel(n_jobs=8)]: Done  55 tasks      | elapsed:  1.8min
[Parallel(n_jobs=8)]: Done  56 tasks      | elapsed:  1.8min
[Parallel(n_jobs=8)]: Done  57 tasks      | elapsed:  1.9min
[Parallel(n_jobs=8)]: Done  58 tasks      | elapsed:  1.9min
[Parallel(n_jobs=8)]: Done  59 tasks      | elapsed:  1.9min
[Parallel(n_jobs=8)]: Done  60 tasks      | elapsed:  1.9min
[Parallel(n_jobs=8)]: Done  61 tasks      | elapsed:  1.9min
[Parallel(n_jobs=8)]: Done  62 tasks      | elapsed:  2.0min
[Parallel(n_jobs=8)]: Done  63 tasks      | elapsed:  2.1min
[Parallel(n_jobs=8)]: Done  64 tasks      | elapsed:  2.1min
[Parallel(n_jobs=8)]: Done  65 tasks      | elapsed:  2.2min
[Parallel(n_jobs=8)]: Done  66 tasks      | elapsed:  2.2min
[Parallel(n_jobs=8)]: Done  67 tasks      | elapsed:  2.2min
[Parallel(n_jobs=8)]: Done  68 out of  82 | elapsed:  2.3min remaining:   28.4s
[Parallel(n_jobs=8)]: Done  69 out of  82 | elapsed:  2.4min remaining:   26.6s
[Parallel(n_jobs=8)]: Done  70 out of  82 | elapsed:  2.4min remaining:   24.4s
[Parallel(n_jobs=8)]: Done  71 out of  82 | elapsed:  2.4min remaining:   22.1s
[Parallel(n_jobs=8)]: Done  72 out of  82 | elapsed:  2.4min remaining:   20.2s
[Parallel(n_jobs=8)]: Done  73 out of  82 | elapsed:  2.5min remaining:   18.2s
[Parallel(n_jobs=8)]: Done  74 out of  82 | elapsed:  2.5min remaining:   16.1s
[Parallel(n_jobs=8)]: Done  75 out of  82 | elapsed:  2.5min remaining:   13.9s
[Parallel(n_jobs=8)]: Done  76 out of  82 | elapsed:  2.5min remaining:   12.1s
[Parallel(n_jobs=8)]: Done  77 out of  82 | elapsed:  2.6min remaining:   10.0s
[Parallel(n_jobs=8)]: Done  78 out of  82 | elapsed:  2.6min remaining:    7.9s
[Parallel(n_jobs=8)]: Done  79 out of  82 | elapsed:  2.7min remaining:    6.1s
[Parallel(n_jobs=8)]: Done  80 out of  82 | elapsed:  2.7min remaining:    4.0s
[Parallel(n_jobs=8)]: Done  82 out of  82 | elapsed:  2.8min remaining:    0.0s
[Parallel(n_jobs=8)]: Done  82 out of  82 | elapsed:  2.8min finished
Total script time: 199.49636459350586
