[2023-01-11 15:32:58,094 - INFO] :: Loading distance matrix...
[2023-01-11 15:33:27,867 - INFO] :: Finished loading distance matrix!
/home/grahman/projects/evident/evident/utils.py:20: UserWarning: Data and metadata do not have the same sample IDs. Using 9495 samples common to both.
  warn(msg)
/home/grahman/projects/evident/evident/data_handler.py:82: UserWarning: Some categories have been dropped because they had either only one level or too many. Use the max_levels_per_category argument to modify this threshold.
Dropped columns: ['level_of_education', 'processing_robot', 'extraction_robot', 'contraceptive', 'center_project_name', 'drinks_per_session']
  "Some categories have been dropped because they had either "
[2023-01-11 15:33:30,910 - INFO] :: Calculating pairwise effect sizes...
[2023-01-11 15:36:15,703 - INFO] :: 
     effect_size  ...                        group_2
0       0.742783  ...                          Never
1       0.566905  ...     Regularly (3-5 times/week)
2       0.405874  ...     Rarely (a few times/month)
3       0.405544  ...                          Month
4       0.378770  ...  Occasionally (1-2 times/week)
..           ...  ...                            ...
389     0.001647  ...     Rarely (a few times/month)
390     0.001455  ...  Occasionally (1-2 times/week)
391     0.001409  ...     Regularly (3-5 times/week)
392     0.001317  ...                            Yes
393     0.000291  ...  Occasionally (1-2 times/week)

[394 rows x 5 columns]
[2023-01-11 15:36:15,712 - INFO] :: Finished calculating pairwise effect sizes!
[Parallel(n_jobs=8)]: Using backend MultiprocessingBackend with 8 concurrent workers.
[Parallel(n_jobs=8)]: Done   1 tasks      | elapsed:    4.8s
[Parallel(n_jobs=8)]: Done   2 tasks      | elapsed:    7.0s
[Parallel(n_jobs=8)]: Done   3 tasks      | elapsed:    7.1s
[Parallel(n_jobs=8)]: Done   4 tasks      | elapsed:    7.8s
[Parallel(n_jobs=8)]: Done   5 tasks      | elapsed:    8.7s
[Parallel(n_jobs=8)]: Done   6 tasks      | elapsed:    9.3s
[Parallel(n_jobs=8)]: Done   7 tasks      | elapsed:   14.6s
[Parallel(n_jobs=8)]: Done   8 tasks      | elapsed:   17.2s
[Parallel(n_jobs=8)]: Done   9 tasks      | elapsed:   18.0s
[Parallel(n_jobs=8)]: Done  10 tasks      | elapsed:   20.7s
[Parallel(n_jobs=8)]: Done  11 tasks      | elapsed:   21.2s
[Parallel(n_jobs=8)]: Done  12 tasks      | elapsed:   21.4s
[Parallel(n_jobs=8)]: Done  13 tasks      | elapsed:   22.4s
[Parallel(n_jobs=8)]: Done  14 tasks      | elapsed:   22.7s
[Parallel(n_jobs=8)]: Done  15 tasks      | elapsed:   25.9s
[Parallel(n_jobs=8)]: Done  16 tasks      | elapsed:   27.0s
[Parallel(n_jobs=8)]: Done  17 tasks      | elapsed:   32.6s
[Parallel(n_jobs=8)]: Done  18 tasks      | elapsed:   37.0s
[Parallel(n_jobs=8)]: Done  19 tasks      | elapsed:   37.8s
[Parallel(n_jobs=8)]: Done  20 tasks      | elapsed:   38.1s
[Parallel(n_jobs=8)]: Done  21 tasks      | elapsed:   43.1s
[Parallel(n_jobs=8)]: Done  22 tasks      | elapsed:   43.2s
[Parallel(n_jobs=8)]: Done  23 tasks      | elapsed:   46.7s
[Parallel(n_jobs=8)]: Done  24 tasks      | elapsed:   46.8s
[Parallel(n_jobs=8)]: Done  25 tasks      | elapsed:   49.0s
[Parallel(n_jobs=8)]: Done  26 tasks      | elapsed:   51.2s
[Parallel(n_jobs=8)]: Done  27 tasks      | elapsed:   51.9s
[Parallel(n_jobs=8)]: Done  28 tasks      | elapsed:   54.9s
[Parallel(n_jobs=8)]: Done  29 tasks      | elapsed:   55.0s
[Parallel(n_jobs=8)]: Done  30 tasks      | elapsed:   56.0s
[Parallel(n_jobs=8)]: Done  31 tasks      | elapsed:  1.0min
[Parallel(n_jobs=8)]: Done  32 tasks      | elapsed:  1.0min
[Parallel(n_jobs=8)]: Done  33 tasks      | elapsed:  1.1min
[Parallel(n_jobs=8)]: Done  34 tasks      | elapsed:  1.1min
[Parallel(n_jobs=8)]: Done  35 tasks      | elapsed:  1.1min
[Parallel(n_jobs=8)]: Done  36 tasks      | elapsed:  1.2min
[Parallel(n_jobs=8)]: Done  37 tasks      | elapsed:  1.2min
[Parallel(n_jobs=8)]: Done  38 tasks      | elapsed:  1.2min
[Parallel(n_jobs=8)]: Done  39 tasks      | elapsed:  1.3min
[Parallel(n_jobs=8)]: Done  40 tasks      | elapsed:  1.3min
[Parallel(n_jobs=8)]: Done  41 tasks      | elapsed:  1.4min
[Parallel(n_jobs=8)]: Done  42 tasks      | elapsed:  1.4min
[Parallel(n_jobs=8)]: Done  43 tasks      | elapsed:  1.4min
[Parallel(n_jobs=8)]: Done  44 tasks      | elapsed:  1.4min
[Parallel(n_jobs=8)]: Done  45 tasks      | elapsed:  1.5min
[Parallel(n_jobs=8)]: Done  46 tasks      | elapsed:  1.5min
[Parallel(n_jobs=8)]: Done  47 tasks      | elapsed:  1.5min
[Parallel(n_jobs=8)]: Done  48 tasks      | elapsed:  1.6min
[Parallel(n_jobs=8)]: Done  49 tasks      | elapsed:  1.7min
[Parallel(n_jobs=8)]: Done  50 tasks      | elapsed:  1.7min
[Parallel(n_jobs=8)]: Done  51 tasks      | elapsed:  1.7min
[Parallel(n_jobs=8)]: Done  52 tasks      | elapsed:  1.8min
[Parallel(n_jobs=8)]: Done  53 tasks      | elapsed:  1.8min
[Parallel(n_jobs=8)]: Done  54 tasks      | elapsed:  1.8min
[Parallel(n_jobs=8)]: Done  55 tasks      | elapsed:  1.8min
[Parallel(n_jobs=8)]: Done  56 tasks      | elapsed:  1.8min
[Parallel(n_jobs=8)]: Done  57 tasks      | elapsed:  1.8min
[Parallel(n_jobs=8)]: Done  58 tasks      | elapsed:  1.9min
[Parallel(n_jobs=8)]: Done  59 tasks      | elapsed:  1.9min
[Parallel(n_jobs=8)]: Done  60 tasks      | elapsed:  1.9min
[Parallel(n_jobs=8)]: Done  61 tasks      | elapsed:  1.9min
[Parallel(n_jobs=8)]: Done  62 tasks      | elapsed:  2.0min
[Parallel(n_jobs=8)]: Done  63 tasks      | elapsed:  2.1min
[Parallel(n_jobs=8)]: Done  64 tasks      | elapsed:  2.2min
[Parallel(n_jobs=8)]: Done  65 tasks      | elapsed:  2.2min
[Parallel(n_jobs=8)]: Done  66 tasks      | elapsed:  2.2min
[Parallel(n_jobs=8)]: Done  67 tasks      | elapsed:  2.2min
[Parallel(n_jobs=8)]: Done  68 out of  82 | elapsed:  2.3min remaining:   28.5s
[Parallel(n_jobs=8)]: Done  69 out of  82 | elapsed:  2.4min remaining:   26.7s
[Parallel(n_jobs=8)]: Done  70 out of  82 | elapsed:  2.4min remaining:   24.4s
[Parallel(n_jobs=8)]: Done  71 out of  82 | elapsed:  2.4min remaining:   22.1s
[Parallel(n_jobs=8)]: Done  72 out of  82 | elapsed:  2.4min remaining:   20.0s
[Parallel(n_jobs=8)]: Done  73 out of  82 | elapsed:  2.5min remaining:   18.1s
[Parallel(n_jobs=8)]: Done  74 out of  82 | elapsed:  2.5min remaining:   15.9s
[Parallel(n_jobs=8)]: Done  75 out of  82 | elapsed:  2.5min remaining:   14.0s
[Parallel(n_jobs=8)]: Done  76 out of  82 | elapsed:  2.5min remaining:   12.1s
[Parallel(n_jobs=8)]: Done  77 out of  82 | elapsed:  2.6min remaining:   10.0s
[Parallel(n_jobs=8)]: Done  78 out of  82 | elapsed:  2.6min remaining:    7.9s
[Parallel(n_jobs=8)]: Done  79 out of  82 | elapsed:  2.7min remaining:    6.1s
[Parallel(n_jobs=8)]: Done  80 out of  82 | elapsed:  2.7min remaining:    4.0s
[Parallel(n_jobs=8)]: Done  82 out of  82 | elapsed:  2.7min remaining:    0.0s
[Parallel(n_jobs=8)]: Done  82 out of  82 | elapsed:  2.7min finished
Total script time: 197.89763855934143
